<?xml version="1.0" encoding="UTF-8"?>
<!-- Generated by org.testng.reporters.JUnitReportReporter -->
<testsuite hostname="DESKTOP-2069TN7" failures="0" tests="2" name="TestCases.NewTest" time="4.309" errors="0" timestamp="2022-10-11T22:32:49 UYT" skipped="0">
  <testcase classname="TestCases.NewTest" name="PrimeraPrueba" time="2.863"/>
  <system-out/>
  <testcase classname="TestCases.NewTest" name="PrimeraPrueba" time="1.446"/>
  <system-out/>
</testsuite> <!-- TestCases.NewTest -->
