<?xml version="1.0" encoding="UTF-8"?>
<!-- Generated by org.testng.reporters.JUnitReportReporter -->
<testsuite hostname="DESKTOP-2069TN7" failures="0" tests="2" name="TestCases.TestCase1" time="9.553" errors="0" timestamp="2022-10-11T23:19:03 UYT" skipped="0">
  <testcase classname="TestCases.TestCase1" name="contactUs" time="3.079"/>
  <system-out/>
  <testcase classname="TestCases.TestCase1" name="contactUs" time="6.474"/>
  <system-out/>
</testsuite> <!-- TestCases.TestCase1 -->
