<?xml version="1.0" encoding="UTF-8"?>
<!-- Generated by org.testng.reporters.JUnitReportReporter -->
<testsuite hostname="DESKTOP-2069TN7" failures="0" tests="4" name="SeleniumGlueCode.NewTest" time="0.081" errors="0" timestamp="2022-10-11T18:28:57 UYT" skipped="0">
  <testcase classname="SeleniumGlueCode.NewTest" name="SegundaPrueba" time="0.004"/>
  <system-out/>
  <testcase classname="SeleniumGlueCode.NewTest" name="PrimeraPrueba" time="0.073"/>
  <system-out/>
  <testcase classname="SeleniumGlueCode.NewTest" name="SegundaPrueba" time="0.002"/>
  <system-out/>
  <testcase classname="SeleniumGlueCode.NewTest" name="PrimeraPrueba" time="0.002"/>
  <system-out/>
</testsuite> <!-- SeleniumGlueCode.NewTest -->
